<?xml version="1.0" encoding="UTF-8"?>
<testsuite xmlns:xsi="http://www.w3.org/2001/XMLSchema-instance" xsi:noNamespaceSchemaLocation="https://maven.apache.org/surefire/maven-surefire-plugin/xsd/surefire-test-report-3.0.xsd" version="3.0" name="idm.auth.token.TokenControllerTest" time="21.784" tests="3" errors="0" skipped="0" failures="0">
  <properties>
[...]
</properties>
  <testcase name="shouldPublishJwks" classname="idm.auth.token.TokenControllerTest" time="4.21">
    <system-out><![CDATA[07:57:03.903 [main] INFO org.springframework.test.context.support.AnnotationConfigContextLoaderUtils -- Could not detect default configuration classes for test class [idm.auth.token.TokenControllerTest]: TokenControllerTest does not declare any static, non-private, non-final, nested classes annotated with @Configuration.
07:57:04.498 [main] INFO org.springframework.boot.test.context.SpringBootTestContextBootstrapper -- Found @SpringBootConfiguration idm.auth.AuthServiceApplication for test class idm.auth.token.TokenControllerTest

  .   ____          _            __ _ _
 /\\ / ___'_ __ _ _(_)_ __  __ _ \ \ \ \
( ( )\___ | '_ | '_| | '_ \/ _` | \ \ \ \
 \\/  ___)| |_)| | | | | || (_| |  ) ) ) )
  '  |____| .__|_| |_|_| |_\__, | / / / /
 =========|_|==============|___/=/_/_/_/

 :: Spring Boot ::                (v3.3.4)

2025-11-27T07:57:06.528Z  INFO 118 --- [           main] idm.auth.token.TokenControllerTest       : Starting TokenControllerTest using Java 17.0.15 with PID 118 (started by root in /ws)
2025-11-27T07:57:06.531Z  INFO 118 --- [           main] idm.auth.token.TokenControllerTest       : No active profile set, falling back to 1 default profile: "default"
2025-11-27T07:57:10.807Z  INFO 118 --- [           main] .s.d.r.c.RepositoryConfigurationDelegate : Multiple Spring Data modules found, entering strict repository configuration mode
2025-11-27T07:57:10.824Z  INFO 118 --- [           main] .s.d.r.c.RepositoryConfigurationDelegate : Bootstrapping Spring Data Redis repositories in DEFAULT mode.
2025-11-27T07:57:10.988Z  INFO 118 --- [           main] .s.d.r.c.RepositoryConfigurationDelegate : Finished Spring Data repository scanning in 102 ms. Found 0 Redis repository interfaces.
2025-11-27T07:57:13.054Z  INFO 118 --- [           main] o.s.b.w.embedded.tomcat.TomcatWebServer  : Tomcat initialized with port 0 (http)
2025-11-27T07:57:13.111Z  INFO 118 --- [           main] o.apache.catalina.core.StandardService   : Starting service [Tomcat]
2025-11-27T07:57:13.112Z  INFO 118 --- [           main] o.apache.catalina.core.StandardEngine    : Starting Servlet engine: [Apache Tomcat/10.1.30]
2025-11-27T07:57:13.281Z  INFO 118 --- [           main] o.a.c.c.C.[Tomcat].[localhost].[/]       : Initializing Spring embedded WebApplicationContext
2025-11-27T07:57:13.283Z  INFO 118 --- [           main] w.s.c.ServletWebServerApplicationContext : Root WebApplicationContext: initialization completed in 6661 ms
2025-11-27T07:57:17.460Z  INFO 118 --- [           main] o.s.b.a.e.web.EndpointLinksResolver      : Exposing 1 endpoint beneath base path '/actuator'
2025-11-27T07:57:19.287Z  INFO 118 --- [           main] o.s.b.w.embedded.tomcat.TomcatWebServer  : Tomcat started on port 40811 (http) with context path '/'
2025-11-27T07:57:19.311Z  INFO 118 --- [           main] idm.auth.token.TokenControllerTest       : Started TokenControllerTest in 13.965 seconds (process running for 17.418)
2025-11-27T07:57:22.851Z  INFO 118 --- [o-auto-1-exec-1] o.a.c.c.C.[Tomcat].[localhost].[/]       : Initializing Spring DispatcherServlet 'dispatcherServlet'
2025-11-27T07:57:22.853Z  INFO 118 --- [o-auto-1-exec-1] o.s.web.servlet.DispatcherServlet        : Initializing Servlet 'dispatcherServlet'
2025-11-27T07:57:22.855Z  INFO 118 --- [o-auto-1-exec-1] o.s.web.servlet.DispatcherServlet        : Completed initialization in 2 ms
]]></system-out>
  </testcase>
  <testcase name="shouldIssueTokenWithDemoCredentials" classname="idm.auth.token.TokenControllerTest" time="1.309"/>
  <testcase name="shouldRefreshToken" classname="idm.auth.token.TokenControllerTest" time="0.056"/>
</testsuite>